<?xml version="1.0" encoding="UTF-8"?>
<!-- Generated by org.testng.reporters.JUnitReportReporter -->
<testsuite hostname="DESKTOP-3ROKAB7" failures="0" tests="1" name="com.nexttech.testrunner.TestNGTestrunner$TestRunner" time="5.960" errors="0" timestamp="02 Dec 2020 22:19:07 GMT" skipped="0">
  <testcase classname="com.nexttech.testrunner.TestNGTestrunner$TestRunner" name="feature" time="5.960"/>
</testsuite> <!-- com.nexttech.testrunner.TestNGTestrunner$TestRunner -->
